<?xml version="1.0" encoding="UTF-8"?>
<testsuite xmlns:xsi="http://www.w3.org/2001/XMLSchema-instance" xsi:noNamespaceSchemaLocation="https://maven.apache.org/surefire/maven-surefire-plugin/xsd/surefire-test-report-3.0.xsd" version="3.0" name="epn.edu.ec.git.calculator.CalculatorParametersTest" time="0.088" tests="6" errors="0" skipped="0" failures="0">
  <properties>
[...]
</properties>
  <testcase name="given_parameters_when_addition_then_summation[0]" classname="epn.edu.ec.git.calculator.CalculatorParametersTest" time="0.004"/>
  <testcase name="given_parameters_when_addition_then_summation[1]" classname="epn.edu.ec.git.calculator.CalculatorParametersTest" time="0.0"/>
  <testcase name="given_parameters_when_addition_then_summation[2]" classname="epn.edu.ec.git.calculator.CalculatorParametersTest" time="0.0"/>
  <testcase name="given_parameters_when_addition_then_summation[3]" classname="epn.edu.ec.git.calculator.CalculatorParametersTest" time="0.0"/>
  <testcase name="given_parameters_when_addition_then_summation[4]" classname="epn.edu.ec.git.calculator.CalculatorParametersTest" time="0.0"/>
  <testcase name="given_parameters_when_addition_then_summation[5]" classname="epn.edu.ec.git.calculator.CalculatorParametersTest" time="0.0"/>
</testsuite>